Flutter crash report.
Please report a bug at https://github.com/flutter/flutter/issues.

## command

flutter --no-color pub get

## exception

ProcessException: ProcessException: The command failed
Stdout:
1
Stderr:

  Command: unzip -o -q /Users/coder-star/CoderStar/Code/Flutter/flutter/bin/cache/downloads/storage.flutter-io.cn/flutter_infra/flutter/fonts/75d35d37aa818c40ffb521a8165dbe7d3c1cb8c4/fonts.zip -d /Users/coder-star/CoderStar/Code/Flutter/flutter/bin/cache/artifacts/material_fonts

```
#0      RunResult.throwException (package:flutter_tools/src/base/process.dart:172:5)
#1      _DefaultProcessUtils.runSync (package:flutter_tools/src/base/process.dart:463:17)
#2      _PosixUtils.unzip (package:flutter_tools/src/base/os.dart:221:19)
#3      ArtifactUpdater._downloadArchive (package:flutter_tools/src/cache.dart:1590:18)
#4      _rootRunUnary (dart:async/zone.dart:1198:47)
#5      _CustomZone.runUnary (dart:async/zone.dart:1100:19)
#6      _FutureListener.handleValue (dart:async/future_impl.dart:143:18)
#7      Future._propagateToListeners.handleValueCallback (dart:async/future_impl.dart:696:45)
#8      Future._propagateToListeners (dart:async/future_impl.dart:725:32)
#9      Future._completeWithValue (dart:async/future_impl.dart:529:5)
#10     Future._asyncCompleteWithValue.<anonymous closure> (dart:async/future_impl.dart:567:7)
#11     _rootRun (dart:async/zone.dart:1190:13)
#12     _CustomZone.run (dart:async/zone.dart:1093:19)
#13     _CustomZone.runGuarded (dart:async/zone.dart:997:7)
#14     _CustomZone.bindCallbackGuarded.<anonymous closure> (dart:async/zone.dart:1037:23)
#15     _microtaskLoop (dart:async/schedule_microtask.dart:41:21)
#16     _startMicrotaskLoop (dart:async/schedule_microtask.dart:50:5)
#17     _runPendingImmediateCallback (dart:isolate-patch/isolate_patch.dart:118:13)
#18     _RawReceivePortImpl._handleMessage (dart:isolate-patch/isolate_patch.dart:169:5)
```

## flutter doctor

```
[✓] Flutter (Channel 1, 0.0.0-unknown, on Mac OS, locale zh-Hans-CN)
    • Flutter version 0.0.0-unknown at /Users/coder-star/CoderStar/Code/Flutter/flutter
    • Framework revision 1 (1), 1970-01-01 08:00:00.000
    • Engine revision 2abe69c608
    • Dart version 2.10.0 (build 2.10.0-136.0.dev)
    • Pub download mirror https://pub.flutter-io.cn
    • Flutter download mirror https://storage.flutter-io.cn

[!] Android toolchain - develop for Android devices (Android SDK version 29.0.1)
    • Android SDK at /Users/coder-star/Library/Android/sdk
    • Platform android-29, build-tools 29.0.1
    ✗ No Java Development Kit (JDK) found; You must have the environment variable JAVA_HOME set and the java binary in your PATH. You can download the JDK from https://www.oracle.com/technetwork/java/javase/downloads/.

[✗] Xcode - develop for iOS and macOS
    ✗ Xcode installation is incomplete; a full installation is necessary for iOS development.
      Download at: https://developer.apple.com/xcode/download/
      Or install Xcode via the App Store.
      Once installed, run:
        sudo xcode-select --switch /Applications/Xcode.app/Contents/Developer
        sudo xcodebuild -runFirstLaunch
    ✗ CocoaPods not installed.
        CocoaPods is used to retrieve the iOS and macOS platform side's plugin code that responds to your plugin usage on the Dart side.
        Without CocoaPods, plugins will not work on iOS or macOS.
        For more info, see https://flutter.dev/platform-plugins
      To install:
        sudo gem install cocoapods

[!] Android Studio
    • Android Studio at /Applications/Android Studio.app/Contents
    ✗ Flutter plugin not installed; this adds Flutter specific functionality.
    ✗ Dart plugin not installed; this adds Dart specific functionality.
    ✗ Unable to determine bundled Java version.
    • Try updating or re-installing Android Studio.

[!] IntelliJ IDEA Ultimate Edition (version unknown)
    ✗ Invalid IntelliJ version number.

[✓] VS Code (version 1.51.0)
    • VS Code at /Applications/Visual Studio Code.app/Contents
    • Flutter extension version 3.16.0

[☠] Connected device (the doctor check crashed)
    ✗ Due to an error, the doctor check did not complete. If the error message below is not helpful, please let us know about this issue at https://github.com/flutter/flutter/issues.
    ✗ Exception: Unable to run "adb", check your Android SDK installation and ANDROID_SDK_ROOT environment variable: /Users/coder-star/Library/Android/sdk/platform-tools/adb
    • #0      throwToolExit (package:flutter_tools/src/base/common.dart:14:3)
      #1      AndroidDevices.pollingGetDevices (package:flutter_tools/src/android/android_device_discovery.dart:71:7)
      <asynchronous suspension>
      #2      PollingDeviceDiscovery._populateDevices (package:flutter_tools/src/device.dart:467:60)
      #3      PollingDeviceDiscovery.devices (package:flutter_tools/src/device.dart:457:12)
      #4      DeviceManager.getAllConnectedDevices (package:flutter_tools/src/device.dart:171:20)
      #5      DeviceValidator.validate (package:flutter_tools/src/doctor.dart:973:55)
      #6      asyncGuard.<anonymous closure> (package:flutter_tools/src/base/async_guard.dart:111:32)
      #7      _rootRun (dart:async/zone.dart:1190:13)
      #8      _CustomZone.run (dart:async/zone.dart:1093:19)
      #9      _runZoned (dart:async/zone.dart:1630:10)
      #10     runZonedGuarded (dart:async/zone.dart:1618:12)
      #11     runZoned (dart:async/zone.dart:1547:12)
      #12     asyncGuard (package:flutter_tools/src/base/async_guard.dart:109:3)
      #13     Doctor.startValidatorTasks (package:flutter_tools/src/doctor.dart:189:9)
      #14     Doctor.diagnose (package:flutter_tools/src/doctor.dart:288:47)
      #15     _doctorText (package:flutter_tools/runner.dart:230:18)
      #16     _handleToolError (package:flutter_tools/runner.dart:155:27)
      #17     _rootRunUnary (dart:async/zone.dart:1198:47)
      #18     _CustomZone.runUnary (dart:async/zone.dart:1100:19)
      #19     _FutureListener.handleValue (dart:async/future_impl.dart:143:18)
      #20     Future._propagateToListeners.handleValueCallback (dart:async/future_impl.dart:696:45)
      #21     Future._propagateToListeners (dart:async/future_impl.dart:725:32)
      #22     Future._completeWithValue (dart:async/future_impl.dart:529:5)
      #23     Future._asyncCompleteWithValue.<anonymous closure> (dart:async/future_impl.dart:567:7)
      #24     _rootRun (dart:async/zone.dart:1190:13)
      #25     _CustomZone.run (dart:async/zone.dart:1093:19)
      #26     _CustomZone.runGuarded (dart:async/zone.dart:997:7)
      #27     _CustomZone.bindCallbackGuarded.<anonymous closure> (dart:async/zone.dart:1037:23)
      #28     _microtaskLoop (dart:async/schedule_microtask.dart:41:21)
      #29     _startMicrotaskLoop (dart:async/schedule_microtask.dart:50:5)
      #30     _runPendingImmediateCallback (dart:isolate-patch/isolate_patch.dart:118:13)
      #31     _RawReceivePortImpl._handleMessage (dart:isolate-patch/isolate_patch.dart:169:5)


! Doctor found issues in 5 categories.
```
